-------------------

Error occurred on Saturday, October 16, 2021 at 08:57:53.

codeblocks.exe caused a Breakpoint at location 000000006C7DF44A in module wxmsw313u_gcc_cb.dll.

AddrPC           Params
000000006C7DF44A 00000000080075A0 0000000000000000 0000000008696218  wxmsw313u_gcc_cb.dll!wxXmlResource::Unload
000000006EB4DA46 00000000080074C0 0000000000000000 0000000000000000  scriptedwizard.dll!0xda46
000000006EB4EC5F 00000000080074C0 0000000000000010 000000000081D6B0  scriptedwizard.dll!0xec5f
0000000070A65949 00000000089AE6C0 000000000081D2B0 000000000081D6B0  codeblocks.dll!TemplateManager::NewFromTemplate
0000000070A65899 00000000089AE6C0 00041F0400000001 000000000081D6B0  codeblocks.dll!TemplateManager::New
000000000047113C 0000000003299340 000000000081DE10 0000000003299340  codeblocks.exe!0x7113c
000000006C103194 0000000002A3EFA0 0000000002A3EF90 000000000000000E  wxmsw313u_gcc_cb.dll!wxAppConsoleBase::CallEventHandler
000000006C260372 00000000033E6F70 0000000000000000 0000000000000111  wxmsw313u_gcc_cb.dll!wxEvtHandler::ProcessEventIfMatchesId
000000006C260537 0000000003299340 0000000002A3EF80 0000000000000000  wxmsw313u_gcc_cb.dll!wxEventHashTable::HandleEvent
000000006C260B8D 0000000002A3EF80 0000000002A30000 0000000000000000  wxmsw313u_gcc_cb.dll!wxEvtHandler::TryHereOnly
000000006C260613 0000000003299340 000000006C26296B 0000000000000000  wxmsw313u_gcc_cb.dll!wxEvtHandler::DoTryChain
000000006C260CE1 000000000081DE10 000000006CF5DC40 000000000877B310  wxmsw313u_gcc_cb.dll!wxEvtHandler::ProcessEvent
000000006C26296B 0000000000000212 000000000001059E 0000000000000000  wxmsw313u_gcc_cb.dll!wxEvtHandler::SafelyProcessEvent
000000006C54C88A 0000000000000000 0000000000000000 00000000000C0500  wxmsw313u_gcc_cb.dll!wxMenuBase::SendEvent
000000006C3ED042 0000000000000001 000000006C360454 0000000000000006  wxmsw313u_gcc_cb.dll!wxMenu::MSWCommand
000000006C3655CA 0000000000000000 0000000000000082 0000000000000001  wxmsw313u_gcc_cb.dll!wxWindow::HandleCommand
000000006C3CD8AF 0000000000000001 0000000000000010 0000000000000002  wxmsw313u_gcc_cb.dll!wxFrame::HandleCommand
000000006C3CF88F 0000000000000000 0000000000000000 0000000000000001  wxmsw313u_gcc_cb.dll!wxFrame::MSWWindowProc
00007FF8D9EBE7E8 00000000000020C8 000000006C3681C0 000000000001059E  USER32.dll!CallWindowProcW
00007FF8D9EBE229 000000006C3681C0 000000000081E420 00007FF8D9EBDFD0  USER32.dll!DispatchMessageW
000000006C362285 000000000CACC2E0 0000000000000019 0000000000000019  wxmsw313u_gcc_cb.dll!wxWindow::DoPopupMenu
000000006C5A4430 000000000104D260 000000000081E7E0 000000006CDAA000  wxmsw313u_gcc_cb.dll!wxWindowBase::PopupMenu
00000000004EE0FB 0000000003299340 000000000877B310 000000006D1822D0  codeblocks.exe!0xee0fb
0000000000471CB3 0000000003299340 000000000081E7E0 0000000000000001  codeblocks.exe!0x71cb3
000000006C103194 0000000000000000 0000000000000000 0000000000000070  wxmsw313u_gcc_cb.dll!wxAppConsoleBase::CallEventHandler
000000006C260372 00000000033E6F70 00000000000107EA 0000000000000000  wxmsw313u_gcc_cb.dll!wxEvtHandler::ProcessEventIfMatchesId
000000006C260537 0000000003299340 00007FF800000001 0000000000000000  wxmsw313u_gcc_cb.dll!wxEventHashTable::HandleEvent
000000006C260B8D 0000000000000004 0000000000000000 0000000000000000  wxmsw313u_gcc_cb.dll!wxEvtHandler::TryHereOnly
000000006C260613 00000000086AA110 000000000081E7E0 00000000086AA110  wxmsw313u_gcc_cb.dll!wxEvtHandler::DoTryChain
000000006C260CE1 0000000000000009 00007FF8DB33B3C7 00000000001B0000  wxmsw313u_gcc_cb.dll!wxEvtHandler::ProcessEvent
000000006C5A7D88 0000000080000000 0000000000000000 00000000000001D1  wxmsw313u_gcc_cb.dll!wxWindowBase::TryAfter
000000006C26296B 0000000003299340 00007FF8BBCF9810 00000000000107EA  wxmsw313u_gcc_cb.dll!wxEvtHandler::SafelyProcessEvent
000000006C582FA5 00000000086AA110 00000000FFFF8380 0000000003299340  wxmsw313u_gcc_cb.dll!wxToolBarBase::OnLeftClick
000000006C447053 0000000003299340 00007FF8DB329877 000000000000004E  wxmsw313u_gcc_cb.dll!wxToolBar::MSWCommand
000000006C365637 0000000000000000 0000000000000000 8000781100000000  wxmsw313u_gcc_cb.dll!wxWindow::HandleCommand
000000006C3CD8AF 00007FF8D9EBEB26 00007FF8DB331C4F 000000000081EDC0  wxmsw313u_gcc_cb.dll!wxFrame::HandleCommand
000000006C3CF88F 00000000FFFFFE0E 0000000000000000 0000000000000001  wxmsw313u_gcc_cb.dll!wxFrame::MSWWindowProc
00007FF8D9EBE7E8 00000000000C0005 000000006C3681C0 000000000001059E  USER32.dll!CallWindowProcW
00007FF8D9EBDDAB 000000000001059E 0000000000000000 0000000000008380  USER32.dll!SendMessageW
00007FF8D9EBD61A 000000000655D710 00000000000C0005 000000000081EF51  USER32.dll!SendMessageW
00007FF8BBD6B2B7 0000000000000202 000000000081EF51 0000000000000202  COMCTL32.dll!LoadIconMetric
00007FF8BBD1DA36 00000000000107EA 00000000000C0005 0000000000000000  COMCTL32.dll!Ordinal20
00007FF8BBCD72A4 0000000000000001 0000000000000000 0000000000000000  COMCTL32.dll!Ordinal395
00007FF8D9EBE7E8 0000000000000202 00007FF8BBCD7250 00000000000107EA  USER32.dll!CallWindowProcW
00007FF8D9EBE47E 00000000086AA110 00000000000C0005 0000000000000202  USER32.dll!CallWindowProcW
000000006C36629F 000000000104D260 00007FF8DA079C9C 000065D36E6AC12F  wxmsw313u_gcc_cb.dll!wxWindow::MSWDefWindowProc
000000006C360454 00006DA21C1ED94A 0000000000000407 000000000081F600  wxmsw313u_gcc_cb.dll!wxWindow::MSWWindowProc
000000006C44CA81 00000000081509E0 000000006C54C4C4 0000000000000001  wxmsw313u_gcc_cb.dll!wxToolBar::MSWWindowProc
00007FF8D9EBE7E8 0000000000000000 000000006C3681C0 00000000000107EA  USER32.dll!CallWindowProcW
00007FF8D9EBE47E 0000000000000001 00000000000107EA 000000000081F750  USER32.dll!CallWindowProcW
00007FF8BBCF9ABA 0000000000000001 0000000000000202 0000000000000000  COMCTL32.dll!DefSubclassProc
00007FF8BBCF9799 0000000000000000 0000000000000038 000000000081F728  COMCTL32.dll!DSA_Create
00007FF8BBCF9ABA 0000000000000001 0000000000000000 00000000000107EA  COMCTL32.dll!DefSubclassProc
00007FF8BBCF98B7 0000000000000000 000000000081FA00 0000000000000001  COMCTL32.dll!DSA_Create
00007FF8D9EBE7E8 0000000000000000 00007FF8BBCF9810 00000000000107EA  USER32.dll!CallWindowProcW
00007FF8D9EBE229 00007FF8BBCF9810 0000000008B51590 0000000000000001  USER32.dll!DispatchMessageW
000000006C38F441 0000000000000000 0000000000010000 0000000008B51590  wxmsw313u_gcc_cb.dll!wxGUIEventLoop::Dispatch
000000006C1375A3 000000000081FC00 00007FF8DA079D40 0000000008B51590  wxmsw313u_gcc_cb.dll!wxEventLoopManual::ProcessEvents
000000006C137671 000000000104D260 0000000008B51590 0000000000000008  wxmsw313u_gcc_cb.dll!wxEventLoopManual::DoRun
000000006C137309 0000000008A234A0 000000020000001C 0000000008B6E780  wxmsw313u_gcc_cb.dll!wxEventLoopBase::Run
000000006C107F1A 000000006CDBC412 000000000104FD00 000000000104FD10  wxmsw313u_gcc_cb.dll!wxAppConsoleBase::MainLoop
0000000000405422 000000000104D260 000000006C26D6BB 00000000008F2ED6  codeblocks.exe!0x5422
000000006C17FBD5 0000000000000008 0000000000000039 0000000001050990  wxmsw313u_gcc_cb.dll!wxEntryReal
0000000000402291 0000000000400000 0000000000000000 00000000008F409B  codeblocks.exe!0x2291
00000000004013C7 0000000000000000 0000000000000000 0000000000000000  codeblocks.exe!0x13c7
00000000004014CB 0000000000000000 0000000000000000 0000000000000000  codeblocks.exe!0x14cb
00007FF8D9E07034 0000000000000000 0000000000000000 0000000000000000  KERNEL32.DLL!BaseThreadInitThunk
00007FF8DB362651 0000000000000000 0000000000000000 0000000000000000  ntdll.dll!RtlUserThreadStart

codeblocks.exe	20.3.0.0
ntdll.dll   	10.0.19041.1202
KERNEL32.DLL	10.0.19041.1202
KERNELBASE.dll	10.0.19041.1202
msvcrt.dll  	7.0.19041.546
SHELL32.dll 	10.0.19041.1266
COMCTL32.dll	6.10.19041.1110
msvcp_win.dll	10.0.19041.789
GDI32.dll   	10.0.19041.1202
ucrtbase.dll	10.0.19041.789
win32u.dll  	10.0.19041.1266
USER32.dll  	10.0.19041.1202
gdi32full.dll	10.0.19041.1110
SHFOLDER.dll	10.0.19041.1
libgcc_s_seh-1.dll
exchndl.dll 	0.9.1.0
ADVAPI32.dll	10.0.19041.1052
sechost.dll 	10.0.19041.906
RPCRT4.dll  	10.0.19041.1081
PSAPI.DLL   	10.0.19041.546
libstdc++-6.dll
libwinpthread-1.dll	1.0.0.0
VERSION.dll 	10.0.19041.546
mgwhelp.dll 	0.9.1.0
dbghelp.dll 	10.0.17134.12
dbgcore.DLL 	10.0.17134.12
wxmsw313u_gcc_cb.dll	3.1.3.0
comdlg32.dll	10.0.19041.906
combase.dll 	10.0.19041.1202
shcore.dll  	10.0.19041.1266
SHLWAPI.dll 	10.0.19041.1023
ole32.dll   	10.0.19041.1202
OLEAUT32.dll	10.0.19041.985
OLEACC.dll  	7.2.19041.746
UxTheme.dll 	10.0.19041.1266
WINMM.dll   	10.0.19041.546
WINSPOOL.DRV	10.0.19041.1266
WSOCK32.dll 	10.0.19041.1
WS2_32.dll  	10.0.19041.546
codeblocks.dll
IMM32.DLL   	10.0.19041.546
CRYPTSP.dll 	10.0.19041.546
rsaenh.dll  	10.0.19041.1052
bcrypt.dll  	10.0.19041.1023
CRYPTBASE.dll	10.0.19041.546
bcryptPrimitives.dll	10.0.19041.1202
kernel.appcore.dll	10.0.19041.546
windows.storage.dll	10.0.19041.1266
Wldp.dll    	10.0.19041.662
MSCTF.dll   	10.0.19041.1202
SspiCli.dll 	10.0.19041.1266
TextShaping.dll
textinputframework.dll	10.0.19041.1266
CoreUIComponents.dll	10.0.19041.546
CoreMessaging.dll	10.0.19041.746
ntmarta.dll 	10.0.19041.546
wintypes.dll	10.0.19041.1202
clbcatq.dll 	2001.12.10941.16384
dataexchange.dll	10.0.19041.1151
d3d11.dll   	10.0.19041.1202
dcomp.dll   	10.0.19041.1266
dxgi.dll    	10.0.19041.1266
twinapi.appcore.dll	10.0.19041.964
WindowsCodecs.dll	10.0.19041.1151
profapi.dll 	10.0.19041.844
msftedit.DLL	10.0.19041.789
Windows.Globalization.dll	10.0.19041.867
bcp47mrm.dll	10.0.19041.1266
Bcp47Langs.dll	10.0.19041.1266
globinputhost.dll	10.0.19041.546
abbreviations.dll
astyle.dll
autosave.dll
AutoVersioning.dll
BrowseTracker.dll
byogames.dll
cb_koders.dll
Cccc.dll
classwizard.dll
codecompletion.dll
codesnippets.dll
codestat.dll
compiler.dll
copystrings.dll
CppCheck.dll
Cscope.dll
debugger.dll
defaultmimehandler.dll
devpakupdater.dll
DoxyBlocks.dll	1.7.663.8397
DragScroll.dll
EditorConfig.dll
EditorTweaks.dll
envvars.dll
Exporter.dll
FileManager.dll
FortranProject.dll
headerfixup.dll
help_plugin.dll
HHCTRL.OCX  	10.0.19041.746
HexEditor.dll
IncrementalSearch.dll
keybinder.dll
lib_finder.dll
wxflatnotebook.dll
MouseSap.dll
NassiShneiderman.dll
OccurrencesHighlighting.dll
openfileslist.dll
Profiler.dll
ProjectOptionsManipulator.dll
projectsimporter.dll
RegExTestbed.dll
ReopenEditor.dll
rndgen.dll
scriptedwizard.dll
SmartIndentCpp.dll
SmartIndentFortran.dll
SmartIndentHDL.dll
SmartIndentLua.dll
SmartIndentPascal.dll
SmartIndentPython.dll
SmartIndentXML.dll
SpellChecker.dll
SymTab.dll
ThreadSearch.dll
wxcustombutton.dll
todo.dll
ToolsPlus.dll
wxsmith.dll
wxsmithlib.dll
wxSmithAui.dll
wxSmithContribItems.dll
wxdatetimepicker.dll
wxchartctrl.dll
wxkwic.dll
wxspeedbutton.dll
wxmathplot.dll
wxled.dll
wximagepanel.dll
xpmanifest.dll
apphelp.dll 	10.0.19041.928
msimg32.dll 	10.0.19041.546
DUser.dll   	10.0.19041.546
atlthunk.dll	10.0.19041.546
symsrv.dll  	10.0.17134.12
CRYPT32.dll 	10.0.19041.1202
WININET.dll 	11.0.19041.1202
iertutil.dll	11.0.19041.1266
ondemandconnroutehelper.dll	10.0.19041.546
winhttp.dll 	10.0.19041.1151
mswsock.dll 	10.0.19041.546
IPHLPAPI.DLL	10.0.19041.546
NSI.dll     	10.0.19041.610
WINNSI.DLL  	10.0.19041.546
dhcpcsvc6.DLL	10.0.19041.546
dhcpcsvc.DLL	10.0.19041.546
urlmon.dll  	11.0.19041.1237
srvcli.dll  	10.0.19041.546
netutils.dll	10.0.19041.546
DNSAPI.dll  	10.0.19041.1266
rasadhlp.dll	10.0.19041.546
DPAPI.DLL   	10.0.19041.546

Windows 10.0.19043
DrMingw 0.9.1

